#-----------------------------------------------------------
# Vivado v2018.2 (64-bit)
# SW Build 2258646 on Thu Jun 14 20:03:12 MDT 2018
# IP Build 2256618 on Thu Jun 14 22:10:49 MDT 2018
# Start of session at: Thu Sep 13 20:01:59 2018
# Process ID: 8020
# Current directory: C:/Users/Adrian/Desktop/FPGA_GigabitTx-master
# Command line: vivado.exe -gui_launcher_event rodinguilauncherevent5356 C:\Users\Adrian\Desktop\FPGA_GigabitTx-master\gigabit_tx.xpr
# Log file: C:/Users/Adrian/Desktop/FPGA_GigabitTx-master/vivado.log
# Journal file: C:/Users/Adrian/Desktop/FPGA_GigabitTx-master\vivado.jou
#-----------------------------------------------------------
start_gui
open_project C:/Users/Adrian/Desktop/FPGA_GigabitTx-master/gigabit_tx.xpr
CRITICAL WARNING: [Project 1-19] Could not find the file 'C:/Users/Adrian/Desktop/FPGA_GigabitTx-master/tb_gigabit_test_behav.wcfg'.
Scanning sources...
Finished scanning sources
WARNING: [filemgmt 56-3] IPUserFilesDir: Could not find the directory 'C:/Users/Adrian/Desktop/FPGA_GigabitTx-master/gigabit_tx.ip_user_files'.
INFO: [IP_Flow 19-234] Refreshing IP repositories
INFO: [IP_Flow 19-1704] No user IP repositories specified
INFO: [IP_Flow 19-2313] Loaded Vivado IP repository 'C:/Xilinx/Vivado/2018.2/data/ip'.
open_project: Time (s): cpu = 00:00:10 ; elapsed = 00:00:05 . Memory (MB): peak = 843.508 ; gain = 127.539
update_compile_order -fileset sources_1
exit
INFO: [Common 17-206] Exiting Vivado at Thu Sep 13 20:02:18 2018...
